    1  wget www.github.com
    2  $ git --version
    3  wget www.github.com
    4  git push ws1
    5  git push cs131
    6  git commit -m "Your message about the commit"
    7  wget www.github.com
    8  history > cmds.log
    9  cmds.log ndex.html.3
   10  wget www.github.com
   11  git status
   12  cd desktop
   13  ls
   14  cd index.html/1
   15  cd index.html.1
   16  cd index.index.html.3
   17  history > cmds.log
   18  ls
   19  git status
   20  git remote add https://github.com/ckuo1009/cs131.git
   21  git init
   22  wget www.github.com
   23  history > cmds.log
   24  git status
   25  git add cmds.log
   26  git status
   27  git remote add origin https://github.com/ckuo1009/cs131.git
   28  git push -u prigin master
   29  git push -uorigin master
   30  git push -u origin master
   31  git commit
   32  git status
   33  git commit
   34  git config --global user.name ckuo1009
   35  git commit
   36  git status
   37  git commit
   38  git log
   39  git commit
   40  git remote add origin https://github.com/ckuo1009/cs131.git
   41  git remote
   42  git push -u origin master
   43  git remote add origin https://github.com/ckuo1009/cs131.git
   44  git remote
   45  git push origin master
   46  ls
   47  git init
   48  git log
   49  git status
   50  git commit
   51  git status
   52  git  statsu
   53  git status
   54  git remote add origin https://github.com/ckuo1009/ddd.git
   55  git push git push -u origin master
   56  git statsu
   57  git log
   58  git commit -m "1233"
   59  git log
   60  git remote
   61  git push -u origin
   62  git push -u origin master
   63  git remote add origin https://github.com/ckuo1009/cs131.git
   64  git push -u origin main
   65  git remote add origin https://github.com/ckuo1009/cs131.git
   66  git push -u origin master
   67  git push origin -u master 111
   68  git status
   69  wget www.github.com
   70  history > cmds.log
   71  git status
   72  git push -u origin master
   73  wget www.github.com
   74  git remote add origin https://github.com/ckuo1009/cs131.git
   75  history > cmds.log
   76  git status
   77  git commit
   78  git push -u origin master
   79  git add cmds.log
   80  git status
   81  git push -u origin master
   82  git commit -m "cmds"
   83  git status
   84  git push -u origin master
   85  wget www.github.com
   86  git status
   87  history > cmds.log
   88  git status
   89  git add cmds.log
   90  git commit
   91  git status
   92  history > cmds.log
   93  wget www.github.com
   94  history > cmds.log
   95  git status
   96  git add cmds.log
   97  git status
   98  git push -u origin master
   99  git remote
  100  wget www.github.com
  101  history > cmds.log
  102  git add cmds.log
  103  got commit
  104  git commit
  105  history > cmds.log
  106  ls
  107  git push origin master
  108  git status
  109  git remote add origin https://github.com/ckuo1009/cs131.git
  110  git push origin master
  111  git add index.html
  112  git status
  113  git clone https://github.com/ckuo1009/cs131.git
  114  wget www.github.com
  115  history > cmds.log
  116  git add cmds.log
  117  git commit -m "1"
  118  git status
  119  git push -u origin master
  120  pwd
  121  ls
  122  cat cmds.log
  123  passwd
  124  ls
  125  passwd
  126  ls -lat
  127  ls
  128  ls -latr
  129  ls -a
  130  ls
  131  rm index.html11
  132  cd rm index.html.11
  133  rm index.html.11
  134  ls
  135  cmds.log
  136  cat cmds.log
  137  head cmds.log
  138  head -n cmds.log
  139  nano
  140  ls
  141  rm cmds.log
  142  rm index.html.1
  143  rm index.html.3
  144  rm index.html.2
  145  rm index.html.10
  146  rm index.html.4
  147  rm index.html.5
  148  rm index.html.7
  149  rm index.html.8
  150  rm index.html.9
  151  ls
  152  rm index.html
  153  rm index.html.6
  154  rm cs131
  155  rm -rf cs131
  156  ls
  157  wget www.github.com
  158  mkdir cs131
  159  cd cs131
  160  ls
  161  mkdir ws1
  162  cd ws1
  163  history > cmds.log
  164  ls
  165  cd cs131
  166  ls
  167  rm index.html
  168  rm -rf cs131
  169  ls
  170  wget www.github.com
  171  mkdir cs131
  172  ls
  173  cd cs131
  174  git init
  175  git status
  176  mkdir ws1
  177  cd ws1
  178  history > cmds.log
  179  ls
  180  git add cmds.log
  181  git status
  182  git cmmit -m"first commit"
  183  git commit -m "first"
  184  git status
  185  git push -u origin master
  186  cd ws1
  187  cd ..
  188  git remote add origin https://github.com/ckuo1009/cs131.git
  189  git push -u origin master
  190  cd ..
  191  ls
  192  cat cs131
  193  cat index.html
  194  cd ..
  195  ls
  196  cd
  197  cd cs131
  198  cd ws1
  199  cat cmds.log
  200  ls
  201  cd cs131
  202  cd -
  203  cd cs131
  204  cd --
  205  cd cs 131
  206  cd cs131
  207  ls
  208  cd --
  209  mv index.html cs131
  210  cd cs131
  211  ls
  212  mv index.html desktop
  213  cd ==
  214  cd --
  215  ls
  216  cd cs131
  217  ls
  218  mv desktop chih-kuo23sp@sjsu
  219  ls
  220  mv chih-kuo23sp@sjsu index.html
  221  ls
  222  rm index.html
  223  ls
  224  cd --
  225  cd cs131
  226  touch 123.txt
  227  ls
  228  move 123.txt ~
  229  mv 123.txt ~
  230  ls
  231  cd --
  232  ls
  233  cd cs131
  234  ls
  235  mkdir ws2
  236  ls
  237  cd --
  238  git status
  239  cd cs131
  240  git status
  241  cd ws1
  242  git status
  243  cd --
  244  cd cs131
  245  cd ws1
  246  cd -
  247  git push -u origin master
  248  cd ws2
  249  cd ws1
  250  cd -
  251  cd ws1
  252  git push -u origin master
  253  cd cs131
  254  cd -
  255  git push -u origin master
  256  git log
  257  git status
  258  cd ws1
  259  touch ww.txt
  260  git add ww.txt
  261  git status
  262  git commit -m"testing"
  263  git push -u origin master
  264  cd -
  265  ls
  266  cd ws1
  267  rm ww.txt
  268  git status
  269  commit -m"testing finish"
  270  commit -m "testing finished"
  271  git commit -m "testing finished"
  272  git push -u origin master
  273  git log
  274  git commit -m "finished"
  275  git rm ww.txt
  276  git commit -m "testing finished"
  277  git log
  278  git push git push -u origin master
  279  git push -u origin master
  280  git staus
  281  gut status
  282  git status
  283  git log
  284  ls
  285  cd -
  286  cd --
  287  ls 
  288  rm 123.txt
  289  ls
  290  vim 123.txt
  291  ls
  292  cat
  293  cat 123.txt
  294  vim 123.txt
  295  vim123.txt
  296  vim 123.txt
  297  vim 321.txt
  298  sort 123.txt
  299  sort 321.txt
  300  wc 123.txt
  301  we 321.txt
  302  wc 321.txt
  303  manual wc
  304  grep 123.txt
  305  wc -l 321.txt
  306  egrepess
  307  echo "dog"
  308  echo $HOME
  309  echo "$HOME"
  310  echo pdw
  311  $HOME
  312  BASH
  313  $bash
  314  https://s3.amazonaws.com/amazon-reviews-pds/tsv/amazon_reviews_us_Books_v1_02.tsv.gz
  315  wget https://s3.amazonaws.com/amazon-reviews-pds/tsv/amazon_reviews_us_Books_v1_02.tsv.gz
  316  ls
  317  mv amazon_reviews_us_Books_v1_02.tsv.gz cs131
  318  cd cs131
  319  ls
  320  mv amazon_reviews_us_Books_v1_02.tsv.gz ws2
  321  cd ws2
  322  ls
  323  unzip -u amazon_reviews_us_Books_v1_02.tsv.gz
  324  ls
  325  gunzip amazon_reviews_us_Books_v1_02.tsv.gz
  326  cd ws2
  327  ls
  328  cd cs131
  329  cd ws2
  330  ls
  331  gunzip amazon_reviews_us_Books_v1_02.tsv.gz
  332  ls
  333  cat amazon_reviews_us_Books_v1_02.tsv
  334  cd cs131
  335  cd ws2
  336  ls
  337  grep verified amazon_reviews_us_Books_v1_02.tsv
  338  grep unverified amazon_reviews_us_Books_v1_02.tsv
  339  wc "-"
  340  cd cs131
  341  cd ws2
  342  ls
  343  grep verified amazon_reviews_us_Books_v1_02.tsv
  344  wc
  345  cd cs131
  346  cd ws2
  347  ls
  348  wc amazon_reviews_us_Books_v1_02.tsv
  349  grep verified amazon_reviews_us_Books_v1_02.tsv
  350  wc amazon_reviews_us_Books_v1_02.tsv
  351  cd cs131
  352  cd ws2
  353  ls
  354  grep Y amazon_reviews_us_Books_v1_02.tsv
  355  -E grep Y amazon_reviews_us_Books_v1_02.tsv
  356  grep -E  Y amazon_reviews_us_Books_v1_02.tsv
  357  grep "Y" amazon_reviews_us_Books_v1_02.tsv | wc-l
  358  grep -o Y amazon_reviews_us_Books_v1_02.tsv | wc-l
  359  grep "Y" amazon_reviews_us_Books_v1_02.tsv | wc- l 
  360  grep "Y" amazon_reviews_us_Books_v1_02.tsv | wc -l
  361  wc -l amazon_reviews_us_Books_v1_02.tsv
  362  grep "verified_purchase Y" amazon_reviews_us_Books_v1_02.tsv | wc -l
  363  grep "N Y" amazon_reviews_us_Books_v1_02.tsv
  364  grep -E Y amazon_reviews_us_Books_v1_02.tsv | wc -l
  365  grep -e verified_purchase  -e Y amazon_reviews_us_Books_v1_02.tsv
  366  Download an amazon reviews dataset by wget from https://s3.amazonaws.com/amazon-reviews-pds/tsv/amazon_reviews_us_Books_v1_02.tsv.gzLinks to an external site.
  367  Unzip the Amazon reviews dataset.
  368  grep for only the lines that have "verified" true reviews by using grep.
  369  Then grep for the lines that have unverified reviews (you can cancel if the output stream is too long with Ctrl+C).
  370  Find the line counts and word counts in both the verified and non-verified reviews (using wc).
  371  Redirect the output for both into the file "counts.txt" using redirection (> and >>).
  372  Edit the counts.txt file with vi or nano with annotation text to indicate what the numbers mean.Download an amazon reviews dataset by wget from https://s3.amazonaws.com/amazon-reviews-pds/tsv/amazon_reviews_us_Books_v1_02.tsv.gzLinks to an external site.
  373  Unzip the Amazon reviews dataset.
  374  grep for only the lines that have "verified" true reviews by using grep.
  375  Then grep for the lines that have unverified reviews (you can cancel if the output stream is too long with Ctrl+C).
  376  Find the line counts and word counts in both the verified and non-verified reviews (using wc).
  377  Redirect the output for both into the file "counts.txt" using redirection (> and >>).
  378  Edit the counts.txt file with vi or nano with annotation text to indicate what the numbers mean.
  379  Download an amazon reviews dataset by wget from https://s3.amazonaws.com/amazon-reviews-pds/tsv/amazon_reviews_us_Books_v1_02.tsv.gzLinks to an external site.
  380  Unzip the Amazon reviews dataset.
  381  grep for only the lines that have "verified" true reviews by using grep.
  382  Then grep for the lines that have unverified reviews (you can cancel if the output stream is too long with Ctrl+C).
  383  Find the line counts and word counts in both the verified and non-verified reviews (using wc).
  384  Redirect the output for both into the file "counts.txt" using redirection (> and >>).
  385  Edit the counts.txt file with vi or nano with annotation text to indicate what the numbers mean.
  386  grep -E "verified_purchase\tY" verified_reviews.tsv
  387  grep -E "verified_purchase\tY" amazon_reviews_us_Books_v1_02.tsv
  388  grep  "verified_purchase\tY" amazon_reviews_us_Books_v1_02.tsv
  389  grep -w "verified_purchase\tY" amazon_reviews_us_Books_v1_02.tsv
  390  grep -w "verified_purchase Y" amazon_reviews_us_Books_v1_02.tsv
  391  grep verified_purchase Y amazon_reviews_us_Books_v1_02.tsv
  392  grep -E -i -w 'verified_purchase|Y' amazon_reviews_us_Books_v1_02.tsv
  393  grep -w "verified_purchase\tN" amazon_reviews_us_Books_v1_02.tsv
  394  grep -w "verified_purchase N" amazon_reviews_us_Books_v1_02.tsv
  395  grep -w "verified_purchase" amazon_reviews_us_Books_v1_02.tsv
  396  grep "Y" amazon_reviews_us_Books_v1_02.tsv
  397  grep -w "N       Y" amazon_reviews_us_Books_v1_02.tsv
  398  grep -w "N       Y" amazon_reviews_us_Books_v1_02.tsv 
  399  grep -w "N Y" amazon_reviews_us_Books_v1_02.tsv
  400  grep -w "N       Y" amazon_reviews_us_Books_v1_02.tsv
  401  grep -w "N        Y" amazon_reviews_us_Books_v1_02.tsv
  402  grep -w "N      Y" amazon_reviews_us_Books_v1_02.tsv
  403  grep -w "N     Y" amazon_reviews_us_Books_v1_02.tsv
  404  grep -w "N       Y" amazon_reviews_us_Books_v1_02.tsv
  405  grep -E "N       Y" amazon_reviews_us_Books_v1_02.tsv
  406  grep -E "N Y" amazon_reviews_us_Books_v1_02.tsv
  407  grep -E "N  Y" amazon_reviews_us_Books_v1_02.tsv
  408  grep -E "N   Y" amazon_reviews_us_Books_v1_02.tsv
  409  grep -E "N        Y" amazon_reviews_us_Books_v1_02.tsvv
  410  grep -E "N          Y" amazon_reviews_us_Books_v1_02.tsv
  411  grep -E "N       Y" amazon_reviews_us_Books_v1_02.tsv
  412  grep -w 'Y' amazon_reviews_us_Books_v1_02.tsv
  413  grep -w 'N' amazon_reviews_us_Books_v1_02.tsv
  414  grep -w 'Y' amazon_reviews_us_Books_v1_02.tsv | wc -l >> counts.txt
  415  cat counts.txt
  416  grep -w 'Y' amazon_reviews_us_Books_v1_02.tsv | wc -w >> counts.txt
  417  cat counts.txt
  418  rm counts.txt
  419  ls
  420  mv amazon_reviews_us_Books_v1_02.tsv/ --
  421  mv amazon_reviews_us_Books_v1_02.tsv cs131
  422  mv amazon_reviews_us_Books_v1_02.tsv -
  423  cd cs131
  424  cd -
  425  mv amazon_reviews_us_Books_v1_02.tsv -
  426  ls
  427  cd -
  428  cd --
  429  ls
  430  rm 123.txt/321.txt
  431  rm 123.txt
  432  rm 321.txt
  433  ls
  434  cd cs131
  435  ls
  436  cd ws2
  437  cs
  438  ls
  439  cd -
  440  cd ws1
  441  ls
  442  cd ws2
  443  cd -
  444  cd ws2
  445  ls
  446  cd cs131
  447  ls
  448  cd cs131
  449  cd --
  450  ls
  451  cd 131
  452  cd cs131
  453  ls
  454  cd ws2
  455  ls
  456  rm cs131
  457  ls
  458  find amazon_reviews_us_Books_v1_02.tsv
  459  find cmds.log
  460  find /home -name amazon_reviews_us_Books_v1_02.tsv
  461  ls
  462  cd -
  463  ls
  464  cd ws1
  465  cd --
  466  find /~ -name amazon_reviews_us_Books_v1_02.tsv
  467  cd ws2
  468  cd cs131
  469  ls
  470  cd ws2
  471  ls
  472  wget https://s3.amazonaws.com/amazon-reviews-pds/tsv/amazon_reviews_us_Books_v1_02.tsv.gz
  473  git status
  474  ls
  475  unzip amazon_reviews_us_Books_v1_02.tsv.gz
  476  ls
  477  gunzip amazon_reviews_us_Books_v1_02.tsv.gz
  478  ls
  479  mv amazon_reviews_us_Books_v1_02.tsv -
  480  ls
  481  mv - --
  482  mv - amazon_reviews_us_Books_v1_02.tsv
  483  ls
  484  mv amazon_reviews_us_Books_v1_02.tsv cs131
  485  cd -
  486  ls
  487  cd ws2
  488  ls
  489  mv cs131 amazon_reviews_us_Books_v1_02.tsv
  490  ls
  491  mv /ws2/amazon_reviews_us_Books_v1_02.tsv /cs131/
  492  mv help
  493  'mv --help'
  494  mv --help
  495  mv amazon_reviews_us_Books_v1_02.tsv /cs131
  496  ls
  497  touch 12.txt
  498  mv touch 12.txt /cs131
  499  mv touch 12.txt /--
  500  mv 12.txt cs131
  501  ls
  502  mv cs131 12.txt
  503  rm 12.txt
  504  cd -
  505  ls
  506  touch 12.txt
  507  mv 12.txt ws2
  508  ls
  509  cd ws2
  510  ls
  511  rm 12.txt
  512  cd -
  513  cd --
  514  ls
  515  cd cs131
  516  ls
  517  cd ws2
  518  ls
  519  touch 12.txt
  520  mv 12.txt cd ..
  521  cd demo
  522  cd ./demo
  523   cd ..
  524  cd -
  525  ls
  526  cd ..
  527  ls
  528  mv 12.txt ../
  529  cd ..
  530  ls
  531  rm 12.txt
  532  cd cs131
  533  cd ws2
  534  ls
  535  grep -w 'Y' amazon_reviews_us_Books_v1_02.tsv | wc -l >> counts.txt
  536  ls counts.txt
  537  cat counts.txt
  538  grep -w 'N' amazon_reviews_us_Books_v1_02.tsv | wc -l >> counts.txt
  539  cat counts.txt
  540  grep -w 'Y' amazon_reviews_us_Books_v1_02.tsv | wc -w >> counts.txt
  541  grep -w 'N' amazon_reviews_us_Books_v1_02.tsv | wc -w >> counts.txt
  542  nano counts.txt
  543  cat counts.txt
  544  ls
  545  rm amazon_reviews_us_Books_v1_02.tsv ../
  546  mv amazon_reviews_us_Books_v1_02.tsv ../
  547  ls
  548  cmds.log
  549  history > cmds.log
